<?xml version="1.0" encoding="UTF-8"?>
<!-- Generated by org.testng.reporters.JUnitReportReporter -->
<testsuite skipped="0" hostname="US5CG6475GBM" name="RunnerOne" tests="1" failures="0" timestamp="11 Mar 2020 12:54:22 GMT" time="86.551" errors="0">
  <testcase name="feature" time="86.551" classname="RunnerOne"/>
</testsuite> <!-- RunnerOne -->
